
2025-09-07 00:26:07,363 | ERROR | Невідома помилка. Користувач: 'cryzmert'. Команда: 'paylist' | Command raised an exception: TypeError: send_error_or_info() missing 1 required positional argument: 'embed'
NoneType: None

2025-09-07 12:53:12,818 | ERROR | Невідома помилка. Користувач: 'cryzmert'. Команда: 'profile' | Command raised an exception: AttributeError: 'NoneType' object has no attribute 'username'
NoneType: None

2025-09-07 12:54:06,748 | WARNING | В користувача немає ролі. Користувач: 'cryzmert'. Команда: 'regist'
2025-09-07 12:55:54,878 | WARNING | В користувача немає ролі. Користувач: 'cryzmert'. Команда: 'regist'
2025-09-07 13:55:21,099 | WARNING | В користувача немає ролі. Користувач: 'cryzmert'. Команда: 'regist'
2025-09-07 14:05:33,288 | WARNING | В користувача немає ролі. Користувач: 'cryzmert'. Команда: 'regist'
2025-09-07 14:05:40,593 | WARNING | В користувача немає ролі. Користувач: 'cryzmert'. Команда: 'regist'
2025-09-07 14:05:57,556 | WARNING | В користувача немає ролі. Користувач: 'cryzmert'. Команда: 'editinfo'
2025-09-07 17:59:40,373 | ERROR | Помилка при додаванні всіх ролей в БД. (pymysql.err.ProgrammingError) (1146, "Table 'dsbotrkks.roles' doesn't exist")
[SQL: SELECT roles.id, roles.role_id, roles.name 
FROM roles 
WHERE roles.role_id = %s]
[parameters: (1394340735821811712,)]
(Background on this error at: https://sqlalche.me/e/20/f405)
Traceback (most recent call last):
  File "D:\Програмування\Проекти\Боти\Оригінал\BotDS(KrakenGamers)\.venv\Lib\site-packages\sqlalchemy\engine\base.py", line 1967, in _exec_single_context
    self.dialect.do_execute(
  File "D:\Програмування\Проекти\Боти\Оригінал\BotDS(KrakenGamers)\.venv\Lib\site-packages\sqlalchemy\engine\default.py", line 951, in do_execute
    cursor.execute(statement, parameters)
  File "D:\Програмування\Проекти\Боти\Оригінал\BotDS(KrakenGamers)\.venv\Lib\site-packages\sqlalchemy\connectors\asyncio.py", line 192, in execute
    self._adapt_connection._handle_exception(error)
  File "D:\Програмування\Проекти\Боти\Оригінал\BotDS(KrakenGamers)\.venv\Lib\site-packages\sqlalchemy\connectors\asyncio.py", line 330, in _handle_exception
    raise error.with_traceback(exc_info[2])
  File "D:\Програмування\Проекти\Боти\Оригінал\BotDS(KrakenGamers)\.venv\Lib\site-packages\sqlalchemy\connectors\asyncio.py", line 190, in execute
    return self.await_(self._execute_async(operation, parameters))
           ^^^^^^^^^^^^^^^^^^^^^^^^^^^^^^^^^^^^^^^^^^^^^^^^^^^^^^^
  File "D:\Програмування\Проекти\Боти\Оригінал\BotDS(KrakenGamers)\.venv\Lib\site-packages\sqlalchemy\util\_concurrency_py3k.py", line 132, in await_only
    return current.parent.switch(awaitable)  # type: ignore[no-any-return,attr-defined] # noqa: E501
           ^^^^^^^^^^^^^^^^^^^^^^^^^^^^^^^^
  File "D:\Програмування\Проекти\Боти\Оригінал\BotDS(KrakenGamers)\.venv\Lib\site-packages\sqlalchemy\util\_concurrency_py3k.py", line 196, in greenlet_spawn
    value = await result
            ^^^^^^^^^^^^
  File "D:\Програмування\Проекти\Боти\Оригінал\BotDS(KrakenGamers)\.venv\Lib\site-packages\sqlalchemy\connectors\asyncio.py", line 213, in _execute_async
    result = await self._cursor.execute(operation, parameters)
             ^^^^^^^^^^^^^^^^^^^^^^^^^^^^^^^^^^^^^^^^^^^^^^^^^
  File "D:\Програмування\Проекти\Боти\Оригінал\BotDS(KrakenGamers)\.venv\Lib\site-packages\aiomysql\cursors.py", line 239, in execute
    await self._query(query)
  File "D:\Програмування\Проекти\Боти\Оригінал\BotDS(KrakenGamers)\.venv\Lib\site-packages\aiomysql\cursors.py", line 457, in _query
    await conn.query(q)
  File "D:\Програмування\Проекти\Боти\Оригінал\BotDS(KrakenGamers)\.venv\Lib\site-packages\aiomysql\connection.py", line 469, in query
    await self._read_query_result(unbuffered=unbuffered)
  File "D:\Програмування\Проекти\Боти\Оригінал\BotDS(KrakenGamers)\.venv\Lib\site-packages\aiomysql\connection.py", line 683, in _read_query_result
    await result.read()
  File "D:\Програмування\Проекти\Боти\Оригінал\BotDS(KrakenGamers)\.venv\Lib\site-packages\aiomysql\connection.py", line 1164, in read
    first_packet = await self.connection._read_packet()
                   ^^^^^^^^^^^^^^^^^^^^^^^^^^^^^^^^^^^^
  File "D:\Програмування\Проекти\Боти\Оригінал\BotDS(KrakenGamers)\.venv\Lib\site-packages\aiomysql\connection.py", line 652, in _read_packet
    packet.raise_for_error()
  File "D:\Програмування\Проекти\Боти\Оригінал\BotDS(KrakenGamers)\.venv\Lib\site-packages\pymysql\protocol.py", line 219, in raise_for_error
    err.raise_mysql_exception(self._data)
  File "D:\Програмування\Проекти\Боти\Оригінал\BotDS(KrakenGamers)\.venv\Lib\site-packages\pymysql\err.py", line 150, in raise_mysql_exception
    raise errorclass(errno, errval)
pymysql.err.ProgrammingError: (1146, "Table 'dsbotrkks.roles' doesn't exist")

The above exception was the direct cause of the following exception:

Traceback (most recent call last):
  File "D:\Програмування\Проекти\Боти\Оригінал\BotDS(KrakenGamers)\DSBotKraken\cogs\main.py", line 23, in on_ready
    await add_all_roles_into_db(guild.roles, [ADMIN_ID, BOT_ID])
  File "D:\Програмування\Проекти\Боти\Оригінал\BotDS(KrakenGamers)\DSBotKraken\database\requests.py", line 128, in add_all_roles_into_db
    result = await session.execute(select(Role).where(Role.role_id == role.id))
             ^^^^^^^^^^^^^^^^^^^^^^^^^^^^^^^^^^^^^^^^^^^^^^^^^^^^^^^^^^^^^^^^^^
  File "D:\Програмування\Проекти\Боти\Оригінал\BotDS(KrakenGamers)\.venv\Lib\site-packages\sqlalchemy\ext\asyncio\session.py", line 463, in execute
    result = await greenlet_spawn(
             ^^^^^^^^^^^^^^^^^^^^^
  File "D:\Програмування\Проекти\Боти\Оригінал\BotDS(KrakenGamers)\.venv\Lib\site-packages\sqlalchemy\util\_concurrency_py3k.py", line 201, in greenlet_spawn
    result = context.throw(*sys.exc_info())
             ^^^^^^^^^^^^^^^^^^^^^^^^^^^^^^
  File "D:\Програмування\Проекти\Боти\Оригінал\BotDS(KrakenGamers)\.venv\Lib\site-packages\sqlalchemy\orm\session.py", line 2365, in execute
    return self._execute_internal(
           ^^^^^^^^^^^^^^^^^^^^^^^
  File "D:\Програмування\Проекти\Боти\Оригінал\BotDS(KrakenGamers)\.venv\Lib\site-packages\sqlalchemy\orm\session.py", line 2251, in _execute_internal
    result: Result[Any] = compile_state_cls.orm_execute_statement(
                          ^^^^^^^^^^^^^^^^^^^^^^^^^^^^^^^^^^^^^^^^
  File "D:\Програмування\Проекти\Боти\Оригінал\BotDS(KrakenGamers)\.venv\Lib\site-packages\sqlalchemy\orm\context.py", line 306, in orm_execute_statement
    result = conn.execute(
             ^^^^^^^^^^^^^
  File "D:\Програмування\Проекти\Боти\Оригінал\BotDS(KrakenGamers)\.venv\Lib\site-packages\sqlalchemy\engine\base.py", line 1419, in execute
    return meth(
           ^^^^^
  File "D:\Програмування\Проекти\Боти\Оригінал\BotDS(KrakenGamers)\.venv\Lib\site-packages\sqlalchemy\sql\elements.py", line 526, in _execute_on_connection
    return connection._execute_clauseelement(
           ^^^^^^^^^^^^^^^^^^^^^^^^^^^^^^^^^^
  File "D:\Програмування\Проекти\Боти\Оригінал\BotDS(KrakenGamers)\.venv\Lib\site-packages\sqlalchemy\engine\base.py", line 1641, in _execute_clauseelement
    ret = self._execute_context(
          ^^^^^^^^^^^^^^^^^^^^^^
  File "D:\Програмування\Проекти\Боти\Оригінал\BotDS(KrakenGamers)\.venv\Lib\site-packages\sqlalchemy\engine\base.py", line 1846, in _execute_context
    return self._exec_single_context(
           ^^^^^^^^^^^^^^^^^^^^^^^^^^
  File "D:\Програмування\Проекти\Боти\Оригінал\BotDS(KrakenGamers)\.venv\Lib\site-packages\sqlalchemy\engine\base.py", line 1986, in _exec_single_context
    self._handle_dbapi_exception(
  File "D:\Програмування\Проекти\Боти\Оригінал\BotDS(KrakenGamers)\.venv\Lib\site-packages\sqlalchemy\engine\base.py", line 2355, in _handle_dbapi_exception
    raise sqlalchemy_exception.with_traceback(exc_info[2]) from e
  File "D:\Програмування\Проекти\Боти\Оригінал\BotDS(KrakenGamers)\.venv\Lib\site-packages\sqlalchemy\engine\base.py", line 1967, in _exec_single_context
    self.dialect.do_execute(
  File "D:\Програмування\Проекти\Боти\Оригінал\BotDS(KrakenGamers)\.venv\Lib\site-packages\sqlalchemy\engine\default.py", line 951, in do_execute
    cursor.execute(statement, parameters)
  File "D:\Програмування\Проекти\Боти\Оригінал\BotDS(KrakenGamers)\.venv\Lib\site-packages\sqlalchemy\connectors\asyncio.py", line 192, in execute
    self._adapt_connection._handle_exception(error)
  File "D:\Програмування\Проекти\Боти\Оригінал\BotDS(KrakenGamers)\.venv\Lib\site-packages\sqlalchemy\connectors\asyncio.py", line 330, in _handle_exception
    raise error.with_traceback(exc_info[2])
  File "D:\Програмування\Проекти\Боти\Оригінал\BotDS(KrakenGamers)\.venv\Lib\site-packages\sqlalchemy\connectors\asyncio.py", line 190, in execute
    return self.await_(self._execute_async(operation, parameters))
           ^^^^^^^^^^^^^^^^^^^^^^^^^^^^^^^^^^^^^^^^^^^^^^^^^^^^^^^
  File "D:\Програмування\Проекти\Боти\Оригінал\BotDS(KrakenGamers)\.venv\Lib\site-packages\sqlalchemy\util\_concurrency_py3k.py", line 132, in await_only
    return current.parent.switch(awaitable)  # type: ignore[no-any-return,attr-defined] # noqa: E501
           ^^^^^^^^^^^^^^^^^^^^^^^^^^^^^^^^
  File "D:\Програмування\Проекти\Боти\Оригінал\BotDS(KrakenGamers)\.venv\Lib\site-packages\sqlalchemy\util\_concurrency_py3k.py", line 196, in greenlet_spawn
    value = await result
            ^^^^^^^^^^^^
  File "D:\Програмування\Проекти\Боти\Оригінал\BotDS(KrakenGamers)\.venv\Lib\site-packages\sqlalchemy\connectors\asyncio.py", line 213, in _execute_async
    result = await self._cursor.execute(operation, parameters)
             ^^^^^^^^^^^^^^^^^^^^^^^^^^^^^^^^^^^^^^^^^^^^^^^^^
  File "D:\Програмування\Проекти\Боти\Оригінал\BotDS(KrakenGamers)\.venv\Lib\site-packages\aiomysql\cursors.py", line 239, in execute
    await self._query(query)
  File "D:\Програмування\Проекти\Боти\Оригінал\BotDS(KrakenGamers)\.venv\Lib\site-packages\aiomysql\cursors.py", line 457, in _query
    await conn.query(q)
  File "D:\Програмування\Проекти\Боти\Оригінал\BotDS(KrakenGamers)\.venv\Lib\site-packages\aiomysql\connection.py", line 469, in query
    await self._read_query_result(unbuffered=unbuffered)
  File "D:\Програмування\Проекти\Боти\Оригінал\BotDS(KrakenGamers)\.venv\Lib\site-packages\aiomysql\connection.py", line 683, in _read_query_result
    await result.read()
  File "D:\Програмування\Проекти\Боти\Оригінал\BotDS(KrakenGamers)\.venv\Lib\site-packages\aiomysql\connection.py", line 1164, in read
    first_packet = await self.connection._read_packet()
                   ^^^^^^^^^^^^^^^^^^^^^^^^^^^^^^^^^^^^
  File "D:\Програмування\Проекти\Боти\Оригінал\BotDS(KrakenGamers)\.venv\Lib\site-packages\aiomysql\connection.py", line 652, in _read_packet
    packet.raise_for_error()
  File "D:\Програмування\Проекти\Боти\Оригінал\BotDS(KrakenGamers)\.venv\Lib\site-packages\pymysql\protocol.py", line 219, in raise_for_error
    err.raise_mysql_exception(self._data)
  File "D:\Програмування\Проекти\Боти\Оригінал\BotDS(KrakenGamers)\.venv\Lib\site-packages\pymysql\err.py", line 150, in raise_mysql_exception
    raise errorclass(errno, errval)
sqlalchemy.exc.ProgrammingError: (pymysql.err.ProgrammingError) (1146, "Table 'dsbotrkks.roles' doesn't exist")
[SQL: SELECT roles.id, roles.role_id, roles.name 
FROM roles 
WHERE roles.role_id = %s]
[parameters: (1394340735821811712,)]
(Background on this error at: https://sqlalche.me/e/20/f405)

2025-09-07 18:09:25,469 | ERROR | Помилка при додаванні всіх ролей в БД. (pymysql.err.ProgrammingError) (1146, "Table 'dsbotrkks.roles' doesn't exist")
[SQL: SELECT roles.id, roles.role_id, roles.name 
FROM roles 
WHERE roles.role_id = %s]
[parameters: (1394340735821811712,)]
(Background on this error at: https://sqlalche.me/e/20/f405)
Traceback (most recent call last):
  File "D:\Програмування\Проекти\Боти\Оригінал\BotDS(KrakenGamers)\.venv\Lib\site-packages\sqlalchemy\engine\base.py", line 1967, in _exec_single_context
    self.dialect.do_execute(
  File "D:\Програмування\Проекти\Боти\Оригінал\BotDS(KrakenGamers)\.venv\Lib\site-packages\sqlalchemy\engine\default.py", line 951, in do_execute
    cursor.execute(statement, parameters)
  File "D:\Програмування\Проекти\Боти\Оригінал\BotDS(KrakenGamers)\.venv\Lib\site-packages\sqlalchemy\connectors\asyncio.py", line 192, in execute
    self._adapt_connection._handle_exception(error)
  File "D:\Програмування\Проекти\Боти\Оригінал\BotDS(KrakenGamers)\.venv\Lib\site-packages\sqlalchemy\connectors\asyncio.py", line 330, in _handle_exception
    raise error.with_traceback(exc_info[2])
  File "D:\Програмування\Проекти\Боти\Оригінал\BotDS(KrakenGamers)\.venv\Lib\site-packages\sqlalchemy\connectors\asyncio.py", line 190, in execute
    return self.await_(self._execute_async(operation, parameters))
           ^^^^^^^^^^^^^^^^^^^^^^^^^^^^^^^^^^^^^^^^^^^^^^^^^^^^^^^
  File "D:\Програмування\Проекти\Боти\Оригінал\BotDS(KrakenGamers)\.venv\Lib\site-packages\sqlalchemy\util\_concurrency_py3k.py", line 132, in await_only
    return current.parent.switch(awaitable)  # type: ignore[no-any-return,attr-defined] # noqa: E501
           ^^^^^^^^^^^^^^^^^^^^^^^^^^^^^^^^
  File "D:\Програмування\Проекти\Боти\Оригінал\BotDS(KrakenGamers)\.venv\Lib\site-packages\sqlalchemy\util\_concurrency_py3k.py", line 196, in greenlet_spawn
    value = await result
            ^^^^^^^^^^^^
  File "D:\Програмування\Проекти\Боти\Оригінал\BotDS(KrakenGamers)\.venv\Lib\site-packages\sqlalchemy\connectors\asyncio.py", line 213, in _execute_async
    result = await self._cursor.execute(operation, parameters)
             ^^^^^^^^^^^^^^^^^^^^^^^^^^^^^^^^^^^^^^^^^^^^^^^^^
  File "D:\Програмування\Проекти\Боти\Оригінал\BotDS(KrakenGamers)\.venv\Lib\site-packages\aiomysql\cursors.py", line 239, in execute
    await self._query(query)
  File "D:\Програмування\Проекти\Боти\Оригінал\BotDS(KrakenGamers)\.venv\Lib\site-packages\aiomysql\cursors.py", line 457, in _query
    await conn.query(q)
  File "D:\Програмування\Проекти\Боти\Оригінал\BotDS(KrakenGamers)\.venv\Lib\site-packages\aiomysql\connection.py", line 469, in query
    await self._read_query_result(unbuffered=unbuffered)
  File "D:\Програмування\Проекти\Боти\Оригінал\BotDS(KrakenGamers)\.venv\Lib\site-packages\aiomysql\connection.py", line 683, in _read_query_result
    await result.read()
  File "D:\Програмування\Проекти\Боти\Оригінал\BotDS(KrakenGamers)\.venv\Lib\site-packages\aiomysql\connection.py", line 1164, in read
    first_packet = await self.connection._read_packet()
                   ^^^^^^^^^^^^^^^^^^^^^^^^^^^^^^^^^^^^
  File "D:\Програмування\Проекти\Боти\Оригінал\BotDS(KrakenGamers)\.venv\Lib\site-packages\aiomysql\connection.py", line 652, in _read_packet
    packet.raise_for_error()
  File "D:\Програмування\Проекти\Боти\Оригінал\BotDS(KrakenGamers)\.venv\Lib\site-packages\pymysql\protocol.py", line 219, in raise_for_error
    err.raise_mysql_exception(self._data)
  File "D:\Програмування\Проекти\Боти\Оригінал\BotDS(KrakenGamers)\.venv\Lib\site-packages\pymysql\err.py", line 150, in raise_mysql_exception
    raise errorclass(errno, errval)
pymysql.err.ProgrammingError: (1146, "Table 'dsbotrkks.roles' doesn't exist")

The above exception was the direct cause of the following exception:

Traceback (most recent call last):
  File "D:\Програмування\Проекти\Боти\Оригінал\BotDS(KrakenGamers)\DSBotKraken\cogs\main.py", line 23, in on_ready
    await add_all_roles_into_db(guild.roles, [ADMIN_ID, BOT_ID])
  File "D:\Програмування\Проекти\Боти\Оригінал\BotDS(KrakenGamers)\DSBotKraken\database\requests.py", line 128, in add_all_roles_into_db
    result = await session.execute(select(Role).where(Role.role_id == role.id))
             ^^^^^^^^^^^^^^^^^^^^^^^^^^^^^^^^^^^^^^^^^^^^^^^^^^^^^^^^^^^^^^^^^^
  File "D:\Програмування\Проекти\Боти\Оригінал\BotDS(KrakenGamers)\.venv\Lib\site-packages\sqlalchemy\ext\asyncio\session.py", line 463, in execute
    result = await greenlet_spawn(
             ^^^^^^^^^^^^^^^^^^^^^
  File "D:\Програмування\Проекти\Боти\Оригінал\BotDS(KrakenGamers)\.venv\Lib\site-packages\sqlalchemy\util\_concurrency_py3k.py", line 201, in greenlet_spawn
    result = context.throw(*sys.exc_info())
             ^^^^^^^^^^^^^^^^^^^^^^^^^^^^^^
  File "D:\Програмування\Проекти\Боти\Оригінал\BotDS(KrakenGamers)\.venv\Lib\site-packages\sqlalchemy\orm\session.py", line 2365, in execute
    return self._execute_internal(
           ^^^^^^^^^^^^^^^^^^^^^^^
  File "D:\Програмування\Проекти\Боти\Оригінал\BotDS(KrakenGamers)\.venv\Lib\site-packages\sqlalchemy\orm\session.py", line 2251, in _execute_internal
    result: Result[Any] = compile_state_cls.orm_execute_statement(
                          ^^^^^^^^^^^^^^^^^^^^^^^^^^^^^^^^^^^^^^^^
  File "D:\Програмування\Проекти\Боти\Оригінал\BotDS(KrakenGamers)\.venv\Lib\site-packages\sqlalchemy\orm\context.py", line 306, in orm_execute_statement
    result = conn.execute(
             ^^^^^^^^^^^^^
  File "D:\Програмування\Проекти\Боти\Оригінал\BotDS(KrakenGamers)\.venv\Lib\site-packages\sqlalchemy\engine\base.py", line 1419, in execute
    return meth(
           ^^^^^
  File "D:\Програмування\Проекти\Боти\Оригінал\BotDS(KrakenGamers)\.venv\Lib\site-packages\sqlalchemy\sql\elements.py", line 526, in _execute_on_connection
    return connection._execute_clauseelement(
           ^^^^^^^^^^^^^^^^^^^^^^^^^^^^^^^^^^
  File "D:\Програмування\Проекти\Боти\Оригінал\BotDS(KrakenGamers)\.venv\Lib\site-packages\sqlalchemy\engine\base.py", line 1641, in _execute_clauseelement
    ret = self._execute_context(
          ^^^^^^^^^^^^^^^^^^^^^^
  File "D:\Програмування\Проекти\Боти\Оригінал\BotDS(KrakenGamers)\.venv\Lib\site-packages\sqlalchemy\engine\base.py", line 1846, in _execute_context
    return self._exec_single_context(
           ^^^^^^^^^^^^^^^^^^^^^^^^^^
  File "D:\Програмування\Проекти\Боти\Оригінал\BotDS(KrakenGamers)\.venv\Lib\site-packages\sqlalchemy\engine\base.py", line 1986, in _exec_single_context
    self._handle_dbapi_exception(
  File "D:\Програмування\Проекти\Боти\Оригінал\BotDS(KrakenGamers)\.venv\Lib\site-packages\sqlalchemy\engine\base.py", line 2355, in _handle_dbapi_exception
    raise sqlalchemy_exception.with_traceback(exc_info[2]) from e
  File "D:\Програмування\Проекти\Боти\Оригінал\BotDS(KrakenGamers)\.venv\Lib\site-packages\sqlalchemy\engine\base.py", line 1967, in _exec_single_context
    self.dialect.do_execute(
  File "D:\Програмування\Проекти\Боти\Оригінал\BotDS(KrakenGamers)\.venv\Lib\site-packages\sqlalchemy\engine\default.py", line 951, in do_execute
    cursor.execute(statement, parameters)
  File "D:\Програмування\Проекти\Боти\Оригінал\BotDS(KrakenGamers)\.venv\Lib\site-packages\sqlalchemy\connectors\asyncio.py", line 192, in execute
    self._adapt_connection._handle_exception(error)
  File "D:\Програмування\Проекти\Боти\Оригінал\BotDS(KrakenGamers)\.venv\Lib\site-packages\sqlalchemy\connectors\asyncio.py", line 330, in _handle_exception
    raise error.with_traceback(exc_info[2])
  File "D:\Програмування\Проекти\Боти\Оригінал\BotDS(KrakenGamers)\.venv\Lib\site-packages\sqlalchemy\connectors\asyncio.py", line 190, in execute
    return self.await_(self._execute_async(operation, parameters))
           ^^^^^^^^^^^^^^^^^^^^^^^^^^^^^^^^^^^^^^^^^^^^^^^^^^^^^^^
  File "D:\Програмування\Проекти\Боти\Оригінал\BotDS(KrakenGamers)\.venv\Lib\site-packages\sqlalchemy\util\_concurrency_py3k.py", line 132, in await_only
    return current.parent.switch(awaitable)  # type: ignore[no-any-return,attr-defined] # noqa: E501
           ^^^^^^^^^^^^^^^^^^^^^^^^^^^^^^^^
  File "D:\Програмування\Проекти\Боти\Оригінал\BotDS(KrakenGamers)\.venv\Lib\site-packages\sqlalchemy\util\_concurrency_py3k.py", line 196, in greenlet_spawn
    value = await result
            ^^^^^^^^^^^^
  File "D:\Програмування\Проекти\Боти\Оригінал\BotDS(KrakenGamers)\.venv\Lib\site-packages\sqlalchemy\connectors\asyncio.py", line 213, in _execute_async
    result = await self._cursor.execute(operation, parameters)
             ^^^^^^^^^^^^^^^^^^^^^^^^^^^^^^^^^^^^^^^^^^^^^^^^^
  File "D:\Програмування\Проекти\Боти\Оригінал\BotDS(KrakenGamers)\.venv\Lib\site-packages\aiomysql\cursors.py", line 239, in execute
    await self._query(query)
  File "D:\Програмування\Проекти\Боти\Оригінал\BotDS(KrakenGamers)\.venv\Lib\site-packages\aiomysql\cursors.py", line 457, in _query
    await conn.query(q)
  File "D:\Програмування\Проекти\Боти\Оригінал\BotDS(KrakenGamers)\.venv\Lib\site-packages\aiomysql\connection.py", line 469, in query
    await self._read_query_result(unbuffered=unbuffered)
  File "D:\Програмування\Проекти\Боти\Оригінал\BotDS(KrakenGamers)\.venv\Lib\site-packages\aiomysql\connection.py", line 683, in _read_query_result
    await result.read()
  File "D:\Програмування\Проекти\Боти\Оригінал\BotDS(KrakenGamers)\.venv\Lib\site-packages\aiomysql\connection.py", line 1164, in read
    first_packet = await self.connection._read_packet()
                   ^^^^^^^^^^^^^^^^^^^^^^^^^^^^^^^^^^^^
  File "D:\Програмування\Проекти\Боти\Оригінал\BotDS(KrakenGamers)\.venv\Lib\site-packages\aiomysql\connection.py", line 652, in _read_packet
    packet.raise_for_error()
  File "D:\Програмування\Проекти\Боти\Оригінал\BotDS(KrakenGamers)\.venv\Lib\site-packages\pymysql\protocol.py", line 219, in raise_for_error
    err.raise_mysql_exception(self._data)
  File "D:\Програмування\Проекти\Боти\Оригінал\BotDS(KrakenGamers)\.venv\Lib\site-packages\pymysql\err.py", line 150, in raise_mysql_exception
    raise errorclass(errno, errval)
sqlalchemy.exc.ProgrammingError: (pymysql.err.ProgrammingError) (1146, "Table 'dsbotrkks.roles' doesn't exist")
[SQL: SELECT roles.id, roles.role_id, roles.name 
FROM roles 
WHERE roles.role_id = %s]
[parameters: (1394340735821811712,)]
(Background on this error at: https://sqlalche.me/e/20/f405)

2025-09-07 20:24:50,923 | WARNING | В користувача немає ролі. Користувач: 'cryzmert'. Команда: 'regist'
2025-09-07 20:24:59,558 | WARNING | В користувача немає ролі. Користувач: 'cryzmert'. Команда: 'editinfo'
2025-09-07 21:18:19,555 | ERROR | Невідома помилка. Користувач: 'cryzmert'. Команда: 'mytasks' | Command raised an exception: AttributeError: 'NoneType' object has no attribute 'tasks'
NoneType: None

2025-09-07 22:13:37,465 | WARNING | В користувача немає ролі. Користувач: 'cryzmert'. Команда: 'chats_clear'
2025-09-07 22:24:21,668 | ERROR | Помилка при додаванні завдання. (pymysql.err.OperationalError) (1213, 'Deadlock found when trying to get lock; try restarting transaction')
[SQL: INSERT INTO tasks (title, description, status, task_priority, `role`, price, xp) VALUES (%s, %s, %s, %s, %s, %s, %s)]
[parameters: ('Task 1', 'subscribe 1', 'Не розпочато', 'Low', 'Програміст', 1, 50)]
(Background on this error at: https://sqlalche.me/e/20/e3q8)
Traceback (most recent call last):
  File "D:\Програмування\Проекти\Боти\Оригінал\BotDS(KrakenGamers)\.venv\Lib\site-packages\sqlalchemy\engine\base.py", line 1967, in _exec_single_context
    self.dialect.do_execute(
  File "D:\Програмування\Проекти\Боти\Оригінал\BotDS(KrakenGamers)\.venv\Lib\site-packages\sqlalchemy\engine\default.py", line 951, in do_execute
    cursor.execute(statement, parameters)
  File "D:\Програмування\Проекти\Боти\Оригінал\BotDS(KrakenGamers)\.venv\Lib\site-packages\sqlalchemy\connectors\asyncio.py", line 192, in execute
    self._adapt_connection._handle_exception(error)
  File "D:\Програмування\Проекти\Боти\Оригінал\BotDS(KrakenGamers)\.venv\Lib\site-packages\sqlalchemy\connectors\asyncio.py", line 330, in _handle_exception
    raise error.with_traceback(exc_info[2])
  File "D:\Програмування\Проекти\Боти\Оригінал\BotDS(KrakenGamers)\.venv\Lib\site-packages\sqlalchemy\connectors\asyncio.py", line 190, in execute
    return self.await_(self._execute_async(operation, parameters))
           ^^^^^^^^^^^^^^^^^^^^^^^^^^^^^^^^^^^^^^^^^^^^^^^^^^^^^^^
  File "D:\Програмування\Проекти\Боти\Оригінал\BotDS(KrakenGamers)\.venv\Lib\site-packages\sqlalchemy\util\_concurrency_py3k.py", line 132, in await_only
    return current.parent.switch(awaitable)  # type: ignore[no-any-return,attr-defined] # noqa: E501
           ^^^^^^^^^^^^^^^^^^^^^^^^^^^^^^^^
  File "D:\Програмування\Проекти\Боти\Оригінал\BotDS(KrakenGamers)\.venv\Lib\site-packages\sqlalchemy\util\_concurrency_py3k.py", line 196, in greenlet_spawn
    value = await result
            ^^^^^^^^^^^^
  File "D:\Програмування\Проекти\Боти\Оригінал\BotDS(KrakenGamers)\.venv\Lib\site-packages\sqlalchemy\connectors\asyncio.py", line 213, in _execute_async
    result = await self._cursor.execute(operation, parameters)
             ^^^^^^^^^^^^^^^^^^^^^^^^^^^^^^^^^^^^^^^^^^^^^^^^^
  File "D:\Програмування\Проекти\Боти\Оригінал\BotDS(KrakenGamers)\.venv\Lib\site-packages\aiomysql\cursors.py", line 239, in execute
    await self._query(query)
  File "D:\Програмування\Проекти\Боти\Оригінал\BotDS(KrakenGamers)\.venv\Lib\site-packages\aiomysql\cursors.py", line 457, in _query
    await conn.query(q)
  File "D:\Програмування\Проекти\Боти\Оригінал\BotDS(KrakenGamers)\.venv\Lib\site-packages\aiomysql\connection.py", line 469, in query
    await self._read_query_result(unbuffered=unbuffered)
  File "D:\Програмування\Проекти\Боти\Оригінал\BotDS(KrakenGamers)\.venv\Lib\site-packages\aiomysql\connection.py", line 683, in _read_query_result
    await result.read()
  File "D:\Програмування\Проекти\Боти\Оригінал\BotDS(KrakenGamers)\.venv\Lib\site-packages\aiomysql\connection.py", line 1164, in read
    first_packet = await self.connection._read_packet()
                   ^^^^^^^^^^^^^^^^^^^^^^^^^^^^^^^^^^^^
  File "D:\Програмування\Проекти\Боти\Оригінал\BotDS(KrakenGamers)\.venv\Lib\site-packages\aiomysql\connection.py", line 652, in _read_packet
    packet.raise_for_error()
  File "D:\Програмування\Проекти\Боти\Оригінал\BotDS(KrakenGamers)\.venv\Lib\site-packages\pymysql\protocol.py", line 219, in raise_for_error
    err.raise_mysql_exception(self._data)
  File "D:\Програмування\Проекти\Боти\Оригінал\BotDS(KrakenGamers)\.venv\Lib\site-packages\pymysql\err.py", line 150, in raise_mysql_exception
    raise errorclass(errno, errval)
pymysql.err.OperationalError: (1213, 'Deadlock found when trying to get lock; try restarting transaction')

The above exception was the direct cause of the following exception:

Traceback (most recent call last):
  File "D:\Програмування\Проекти\Боти\Оригінал\BotDS(KrakenGamers)\DSBotKraken\cogs\admin_cmd.py", line 32, in write_tasks_to_db
    await add_tasks_into_db(row['Завдання'], row['Опис завдання'], row['Статус'], row['Пріоритет'], row['Роль'], row['Ціна'], row['Досвід'])
  File "D:\Програмування\Проекти\Боти\Оригінал\BotDS(KrakenGamers)\DSBotKraken\database\requests.py", line 64, in add_tasks_into_db
    await session.execute(insert(Task).values(title=title, description=description, status=status,
  File "D:\Програмування\Проекти\Боти\Оригінал\BotDS(KrakenGamers)\.venv\Lib\site-packages\sqlalchemy\ext\asyncio\session.py", line 463, in execute
    result = await greenlet_spawn(
             ^^^^^^^^^^^^^^^^^^^^^
  File "D:\Програмування\Проекти\Боти\Оригінал\BotDS(KrakenGamers)\.venv\Lib\site-packages\sqlalchemy\util\_concurrency_py3k.py", line 201, in greenlet_spawn
    result = context.throw(*sys.exc_info())
             ^^^^^^^^^^^^^^^^^^^^^^^^^^^^^^
  File "D:\Програмування\Проекти\Боти\Оригінал\BotDS(KrakenGamers)\.venv\Lib\site-packages\sqlalchemy\orm\session.py", line 2365, in execute
    return self._execute_internal(
           ^^^^^^^^^^^^^^^^^^^^^^^
  File "D:\Програмування\Проекти\Боти\Оригінал\BotDS(KrakenGamers)\.venv\Lib\site-packages\sqlalchemy\orm\session.py", line 2251, in _execute_internal
    result: Result[Any] = compile_state_cls.orm_execute_statement(
                          ^^^^^^^^^^^^^^^^^^^^^^^^^^^^^^^^^^^^^^^^
  File "D:\Програмування\Проекти\Боти\Оригінал\BotDS(KrakenGamers)\.venv\Lib\site-packages\sqlalchemy\orm\bulk_persistence.py", line 1306, in orm_execute_statement
    result = conn.execute(
             ^^^^^^^^^^^^^
  File "D:\Програмування\Проекти\Боти\Оригінал\BotDS(KrakenGamers)\.venv\Lib\site-packages\sqlalchemy\engine\base.py", line 1419, in execute
    return meth(
           ^^^^^
  File "D:\Програмування\Проекти\Боти\Оригінал\BotDS(KrakenGamers)\.venv\Lib\site-packages\sqlalchemy\sql\elements.py", line 526, in _execute_on_connection
    return connection._execute_clauseelement(
           ^^^^^^^^^^^^^^^^^^^^^^^^^^^^^^^^^^
  File "D:\Програмування\Проекти\Боти\Оригінал\BotDS(KrakenGamers)\.venv\Lib\site-packages\sqlalchemy\engine\base.py", line 1641, in _execute_clauseelement
    ret = self._execute_context(
          ^^^^^^^^^^^^^^^^^^^^^^
  File "D:\Програмування\Проекти\Боти\Оригінал\BotDS(KrakenGamers)\.venv\Lib\site-packages\sqlalchemy\engine\base.py", line 1846, in _execute_context
    return self._exec_single_context(
           ^^^^^^^^^^^^^^^^^^^^^^^^^^
  File "D:\Програмування\Проекти\Боти\Оригінал\BotDS(KrakenGamers)\.venv\Lib\site-packages\sqlalchemy\engine\base.py", line 1986, in _exec_single_context
    self._handle_dbapi_exception(
  File "D:\Програмування\Проекти\Боти\Оригінал\BotDS(KrakenGamers)\.venv\Lib\site-packages\sqlalchemy\engine\base.py", line 2355, in _handle_dbapi_exception
    raise sqlalchemy_exception.with_traceback(exc_info[2]) from e
  File "D:\Програмування\Проекти\Боти\Оригінал\BotDS(KrakenGamers)\.venv\Lib\site-packages\sqlalchemy\engine\base.py", line 1967, in _exec_single_context
    self.dialect.do_execute(
  File "D:\Програмування\Проекти\Боти\Оригінал\BotDS(KrakenGamers)\.venv\Lib\site-packages\sqlalchemy\engine\default.py", line 951, in do_execute
    cursor.execute(statement, parameters)
  File "D:\Програмування\Проекти\Боти\Оригінал\BotDS(KrakenGamers)\.venv\Lib\site-packages\sqlalchemy\connectors\asyncio.py", line 192, in execute
    self._adapt_connection._handle_exception(error)
  File "D:\Програмування\Проекти\Боти\Оригінал\BotDS(KrakenGamers)\.venv\Lib\site-packages\sqlalchemy\connectors\asyncio.py", line 330, in _handle_exception
    raise error.with_traceback(exc_info[2])
  File "D:\Програмування\Проекти\Боти\Оригінал\BotDS(KrakenGamers)\.venv\Lib\site-packages\sqlalchemy\connectors\asyncio.py", line 190, in execute
    return self.await_(self._execute_async(operation, parameters))
           ^^^^^^^^^^^^^^^^^^^^^^^^^^^^^^^^^^^^^^^^^^^^^^^^^^^^^^^
  File "D:\Програмування\Проекти\Боти\Оригінал\BotDS(KrakenGamers)\.venv\Lib\site-packages\sqlalchemy\util\_concurrency_py3k.py", line 132, in await_only
    return current.parent.switch(awaitable)  # type: ignore[no-any-return,attr-defined] # noqa: E501
           ^^^^^^^^^^^^^^^^^^^^^^^^^^^^^^^^
  File "D:\Програмування\Проекти\Боти\Оригінал\BotDS(KrakenGamers)\.venv\Lib\site-packages\sqlalchemy\util\_concurrency_py3k.py", line 196, in greenlet_spawn
    value = await result
            ^^^^^^^^^^^^
  File "D:\Програмування\Проекти\Боти\Оригінал\BotDS(KrakenGamers)\.venv\Lib\site-packages\sqlalchemy\connectors\asyncio.py", line 213, in _execute_async
    result = await self._cursor.execute(operation, parameters)
             ^^^^^^^^^^^^^^^^^^^^^^^^^^^^^^^^^^^^^^^^^^^^^^^^^
  File "D:\Програмування\Проекти\Боти\Оригінал\BotDS(KrakenGamers)\.venv\Lib\site-packages\aiomysql\cursors.py", line 239, in execute
    await self._query(query)
  File "D:\Програмування\Проекти\Боти\Оригінал\BotDS(KrakenGamers)\.venv\Lib\site-packages\aiomysql\cursors.py", line 457, in _query
    await conn.query(q)
  File "D:\Програмування\Проекти\Боти\Оригінал\BotDS(KrakenGamers)\.venv\Lib\site-packages\aiomysql\connection.py", line 469, in query
    await self._read_query_result(unbuffered=unbuffered)
  File "D:\Програмування\Проекти\Боти\Оригінал\BotDS(KrakenGamers)\.venv\Lib\site-packages\aiomysql\connection.py", line 683, in _read_query_result
    await result.read()
  File "D:\Програмування\Проекти\Боти\Оригінал\BotDS(KrakenGamers)\.venv\Lib\site-packages\aiomysql\connection.py", line 1164, in read
    first_packet = await self.connection._read_packet()
                   ^^^^^^^^^^^^^^^^^^^^^^^^^^^^^^^^^^^^
  File "D:\Програмування\Проекти\Боти\Оригінал\BotDS(KrakenGamers)\.venv\Lib\site-packages\aiomysql\connection.py", line 652, in _read_packet
    packet.raise_for_error()
  File "D:\Програмування\Проекти\Боти\Оригінал\BotDS(KrakenGamers)\.venv\Lib\site-packages\pymysql\protocol.py", line 219, in raise_for_error
    err.raise_mysql_exception(self._data)
  File "D:\Програмування\Проекти\Боти\Оригінал\BotDS(KrakenGamers)\.venv\Lib\site-packages\pymysql\err.py", line 150, in raise_mysql_exception
    raise errorclass(errno, errval)
sqlalchemy.exc.OperationalError: (pymysql.err.OperationalError) (1213, 'Deadlock found when trying to get lock; try restarting transaction')
[SQL: INSERT INTO tasks (title, description, status, task_priority, `role`, price, xp) VALUES (%s, %s, %s, %s, %s, %s, %s)]
[parameters: ('Task 1', 'subscribe 1', 'Не розпочато', 'Low', 'Програміст', 1, 50)]
(Background on this error at: https://sqlalche.me/e/20/e3q8)

2025-09-07 22:24:22,193 | ERROR | Помилка при додаванні завдання. Interaction took more than 3 seconds to be responded to. Please defer it using "interaction.response.defer" on the start of your command. Later you may send a response by editing the deferred message using "interaction.edit_original_response"
Note: This might also be caused by a misconfiguration in the components make sure you do not respond twice in case this is a component.
Traceback (most recent call last):
  File "D:\Програмування\Проекти\Боти\Оригінал\BotDS(KrakenGamers)\.venv\Lib\site-packages\disnake\interactions\base.py", line 1117, in send_message
    await adapter.create_interaction_response(
  File "D:\Програмування\Проекти\Боти\Оригінал\BotDS(KrakenGamers)\.venv\Lib\site-packages\disnake\webhook\async_.py", line 210, in request
    raise NotFound(response, data)
disnake.errors.NotFound: 404 Not Found (error code: 10062): Unknown interaction

The above exception was the direct cause of the following exception:

Traceback (most recent call last):
  File "D:\Програмування\Проекти\Боти\Оригінал\BotDS(KrakenGamers)\DSBotKraken\cogs\admin_cmd.py", line 35, in write_tasks_to_db
    await inter.response.send_message(f"Завдання додано!\nВсього: {counter} завдань.")
  File "D:\Програмування\Проекти\Боти\Оригінал\BotDS(KrakenGamers)\.venv\Lib\site-packages\disnake\interactions\base.py", line 1127, in send_message
    raise InteractionTimedOut(self._parent) from e
disnake.errors.InteractionTimedOut: Interaction took more than 3 seconds to be responded to. Please defer it using "interaction.response.defer" on the start of your command. Later you may send a response by editing the deferred message using "interaction.edit_original_response"
Note: This might also be caused by a misconfiguration in the components make sure you do not respond twice in case this is a component.

2025-09-07 22:44:26,597 | WARNING | В користувача немає ролі. Користувач: 'fox45bobrik'. Команда: 'regist'
